{
  "RSpec": {
    "coverage": {
      "/Users/dmillen/Course/Bookmarks-Thursday/bookmark-wednesday/spec/bookmarks_spec.rb": {
        "lines": [
          1,
          null,
          1,
          1,
          1,
          1,
          1,
          1,
          null,
          1,
          null,
          1,
          1,
          1,
          null,
          null,
          null,
          1,
          1,
          1,
          1,
          null,
          null,
          null
        ]
      },
      "/Users/dmillen/Course/Bookmarks-Thursday/bookmark-wednesday/spec/features/view_bookmarks_spec.rb": {
        "lines": [
          1,
          null,
          1,
          1,
          1,
          1,
          1,
          null,
          1,
          null,
          1,
          1,
          1,
          null,
          null,
          null,
          null,
          null,
          null,
          null,
          null,
          null,
          null,
          null
        ]
      }
    },
    "timestamp": 1603382840
  }
}
