{
  "RSpec": {
    "coverage": {
      "/Users/kcthomas/Makers/projects/bookmarks/spec/features/test_infrastructure_spec.rb": {
        "lines": [
          1,
          1,
          1,
          1,
          null,
          null
        ]
      },
      "/Users/kcthomas/Makers/projects/bookmarks/spec/features/view_bookmarks_spec.rb": {
        "lines": [
          1,
          1,
          1,
          1,
          null,
          null
        ]
      }
    },
    "timestamp": 1603121290
  }
}
